G:\dev\CV\VIS\CV\wwwroot\Admin\app\home-component\home-component.component.js
G:\dev\CV\VIS\CV\wwwroot\Admin\app\home-component\home-component.component.js.map
G:\dev\CV\VIS\CV\wwwroot\Admin\app\about-component\about-component.component.js
G:\dev\CV\VIS\CV\wwwroot\Admin\app\about-component\about-component.component.js.map
G:\dev\CV\VIS\CV\wwwroot\Admin\app\contact-component\contact-component.component.js
G:\dev\CV\VIS\CV\wwwroot\Admin\app\contact-component\contact-component.component.js.map
G:\dev\CV\VIS\CV\wwwroot\Admin\app\app-routing.module.js
G:\dev\CV\VIS\CV\wwwroot\Admin\app\app-routing.module.js.map
G:\dev\CV\VIS\CV\wwwroot\Admin\app\app.component.js
G:\dev\CV\VIS\CV\wwwroot\Admin\app\app.component.js.map
G:\dev\CV\VIS\CV\wwwroot\Admin\app\models\model.module.js
G:\dev\CV\VIS\CV\wwwroot\Admin\app\models\model.module.js.map
G:\dev\CV\VIS\CV\wwwroot\Admin\app\navigation\navigation.component.js
G:\dev\CV\VIS\CV\wwwroot\Admin\app\navigation\navigation.component.js.map
G:\dev\CV\VIS\CV\wwwroot\Admin\app\app.module.js
G:\dev\CV\VIS\CV\wwwroot\Admin\app\app.module.js.map
G:\dev\CV\VIS\CV\wwwroot\Admin\environments\environment.js
G:\dev\CV\VIS\CV\wwwroot\Admin\environments\environment.js.map
G:\dev\CV\VIS\CV\wwwroot\Admin\boot.js
G:\dev\CV\VIS\CV\wwwroot\Admin\boot.js.map
G:\dev\CV\VIS\CV\wwwroot\Admin\main.js
G:\dev\CV\VIS\CV\wwwroot\Admin\main.js.map
G:\dev\CV\VIS\CV\wwwroot\Admin\polyfills.js
G:\dev\CV\VIS\CV\wwwroot\Admin\polyfills.js.map
G:\dev\CV\VIS\CV\wwwroot\Admin\test.js
G:\dev\CV\VIS\CV\wwwroot\Admin\test.js.map
G:\dev\CV\VIS\CV\wwwroot\Admin\app\app.component.spec.js
G:\dev\CV\VIS\CV\wwwroot\Admin\app\app.component.spec.js.map
G:\dev\CV\VIS\CV\wwwroot\Admin\environments\environment.prod.js
G:\dev\CV\VIS\CV\wwwroot\Admin\environments\environment.prod.js.map
G:\dev\CV\VIS\CV\wwwroot\Admin\app\about-component\about-component.component.spec.js
G:\dev\CV\VIS\CV\wwwroot\Admin\app\about-component\about-component.component.spec.js.map
G:\dev\CV\VIS\CV\wwwroot\Admin\app\contact-component\contact-component.component.spec.js
G:\dev\CV\VIS\CV\wwwroot\Admin\app\contact-component\contact-component.component.spec.js.map
G:\dev\CV\VIS\CV\wwwroot\Admin\app\home-component\home-component.component.spec.js
G:\dev\CV\VIS\CV\wwwroot\Admin\app\home-component\home-component.component.spec.js.map
G:\dev\CV\VIS\CV\wwwroot\Admin\app\models\menu.item.model.js
G:\dev\CV\VIS\CV\wwwroot\Admin\app\models\menu.item.model.js.map
G:\dev\CV\VIS\CV\wwwroot\Admin\app\models\menu.model.js
G:\dev\CV\VIS\CV\wwwroot\Admin\app\models\menu.model.js.map
G:\dev\CV\VIS\CV\wwwroot\Admin\app\navigation\navigation.component.spec.js
G:\dev\CV\VIS\CV\wwwroot\Admin\app\navigation\navigation.component.spec.js.map
